2022-04-11 20:11:16.522  INFO 16644 --- [restartedMain] com.mindskip.xzs.XzsApplication          : Starting XzsApplication on Choysun with PID 16644 (D:\zuomian\xzs-mysql-master\source\xzs\target\classes started by Choysun in D:\zuomian\xzs-mysql-master\source\xzs)
2022-04-11 20:11:16.524  INFO 16644 --- [restartedMain] com.mindskip.xzs.XzsApplication          : The following profiles are active: dev
2022-04-11 20:11:16.575  INFO 16644 --- [restartedMain] .e.DevToolsPropertyDefaultsPostProcessor : Devtools property defaults active! Set 'spring.devtools.add-properties' to 'false' to disable
2022-04-11 20:11:16.576  INFO 16644 --- [restartedMain] .e.DevToolsPropertyDefaultsPostProcessor : For additional web related logging consider setting the 'logging.level.web' property to 'DEBUG'
2022-04-11 20:11:18.686  WARN 16644 --- [restartedMain] io.undertow.websockets.jsr               : UT026010: Buffer pool was not set on WebSocketDeploymentInfo, the default pool will be used
2022-04-11 20:11:18.706  INFO 16644 --- [restartedMain] io.undertow.servlet                      : Initializing Spring embedded WebApplicationContext
2022-04-11 20:11:18.706  INFO 16644 --- [restartedMain] o.s.web.context.ContextLoader            : Root WebApplicationContext: initialization completed in 2130 ms
2022-04-11 20:11:19.573  INFO 16644 --- [restartedMain] o.s.s.web.DefaultSecurityFilterChain     : Creating filter chain: any request, [org.springframework.security.web.context.request.async.WebAsyncManagerIntegrationFilter@7ad5bf43, org.springframework.security.web.context.SecurityContextPersistenceFilter@6a7410f0, org.springframework.security.web.header.HeaderWriterFilter@5d9d6261, org.springframework.web.filter.CorsFilter@bf4daee, org.springframework.security.web.authentication.logout.LogoutFilter@f553dd, com.mindskip.xzs.configuration.spring.security.RestLoginAuthenticationFilter@492d076b, org.springframework.security.web.authentication.UsernamePasswordAuthenticationFilter@746d45d, org.springframework.security.web.savedrequest.RequestCacheAwareFilter@699ef72e, org.springframework.security.web.servletapi.SecurityContextHolderAwareRequestFilter@654d0e4e, org.springframework.security.web.authentication.rememberme.RememberMeAuthenticationFilter@46a1115c, org.springframework.security.web.authentication.AnonymousAuthenticationFilter@6069b21a, org.springframework.security.web.session.SessionManagementFilter@502f527, org.springframework.security.web.access.ExceptionTranslationFilter@519099e0, org.springframework.security.web.access.intercept.FilterSecurityInterceptor@7ed23b22]
2022-04-11 20:11:19.918  INFO 16644 --- [restartedMain] o.s.b.d.a.OptionalLiveReloadServer       : LiveReload server is running on port 35729
2022-04-11 20:11:19.962  INFO 16644 --- [restartedMain] org.xnio                                 : XNIO version 3.3.8.Final
2022-04-11 20:11:19.979  INFO 16644 --- [restartedMain] org.xnio.nio                             : XNIO NIO Implementation Version 3.3.8.Final
2022-04-11 20:11:20.034  INFO 16644 --- [restartedMain] o.s.b.w.e.u.UndertowServletWebServer     : Undertow started on port(s) 8000 (http) with context path ''
2022-04-11 20:11:20.037  INFO 16644 --- [restartedMain] com.mindskip.xzs.XzsApplication          : Started XzsApplication in 4.059 seconds (JVM running for 5.439)
2022-04-11 20:11:45.455  INFO 16644 --- [XNIO-1 task-1] io.undertow.servlet                      : Initializing Spring DispatcherServlet 'dispatcherServlet'
2022-04-11 20:11:45.455  INFO 16644 --- [XNIO-1 task-1] o.s.web.servlet.DispatcherServlet        : Initializing Servlet 'dispatcherServlet'
2022-04-11 20:11:45.464  INFO 16644 --- [XNIO-1 task-1] o.s.web.servlet.DispatcherServlet        : Completed initialization in 9 ms
2022-04-11 20:28:04.989  INFO 16644 --- [XNIO-1 task-9] com.zaxxer.hikari.HikariDataSource       : HikariPool-1 - Starting...
2022-04-11 20:28:05.111  INFO 16644 --- [XNIO-1 task-9] com.zaxxer.hikari.HikariDataSource       : HikariPool-1 - Start completed.
2022-04-11 20:28:05.117 DEBUG 16644 --- [XNIO-1 task-9] r.c.m.x.r.UserMapper.getUserByUserName   : ==>  Preparing: select id, user_uuid, user_name, password, real_name, age, sex, birth_day, user_level, phone, role, status, image_path, create_time, modify_time, last_active_time, deleted, wx_open_id from t_user where deleted=0 and user_name=? limit 1 
2022-04-11 20:28:05.132 DEBUG 16644 --- [XNIO-1 task-9] r.c.m.x.r.UserMapper.getUserByUserName   : ==> Parameters: admin(String)
2022-04-11 20:28:05.198 DEBUG 16644 --- [XNIO-1 task-9] r.c.m.x.r.UserMapper.getUserByUserName   : <==      Total: 1
2022-04-11 20:28:05.294 DEBUG 16644 --- [XNIO-1 task-9] r.c.m.x.r.U.insertSelective              : ==>  Preparing: insert into t_user_event_log ( user_id, user_name, real_name, content, create_time ) values ( ?, ?, ?, ?, ? ) 
2022-04-11 20:28:05.296 DEBUG 16644 --- [XNIO-1 task-9] r.c.m.x.r.U.insertSelective              : ==> Parameters: 2(Integer), admin(String), 管理员(String), admin 登录了学之思开源考试系统(String), 2022-04-11 20:28:05.283(Timestamp)
2022-04-11 20:28:05.341 DEBUG 16644 --- [XNIO-1 task-9] r.c.m.x.r.U.insertSelective              : <==    Updates: 1
2022-04-11 20:28:05.449 DEBUG 16644 --- [XNIO-1 task-10] r.c.m.x.r.E.selectAllCount               : ==>  Preparing: SELECT count(*) from t_exam_paper where deleted=0 
2022-04-11 20:28:05.449 DEBUG 16644 --- [XNIO-1 task-10] r.c.m.x.r.E.selectAllCount               : ==> Parameters: 
2022-04-11 20:28:05.496 DEBUG 16644 --- [XNIO-1 task-10] r.c.m.x.r.E.selectAllCount               : <==      Total: 1
2022-04-11 20:28:05.497 DEBUG 16644 --- [XNIO-1 task-10] r.c.m.x.r.QuestionMapper.selectAllCount  : ==>  Preparing: SELECT count(*) from t_question where deleted=0 
2022-04-11 20:28:05.497 DEBUG 16644 --- [XNIO-1 task-10] r.c.m.x.r.QuestionMapper.selectAllCount  : ==> Parameters: 
2022-04-11 20:28:05.508 DEBUG 16644 --- [XNIO-1 task-10] r.c.m.x.r.QuestionMapper.selectAllCount  : <==      Total: 1
2022-04-11 20:28:05.509 DEBUG 16644 --- [XNIO-1 task-10] r.c.m.x.r.E.selectAllCount               : ==>  Preparing: SELECT count(*) from t_exam_paper_answer 
2022-04-11 20:28:05.509 DEBUG 16644 --- [XNIO-1 task-10] r.c.m.x.r.E.selectAllCount               : ==> Parameters: 
2022-04-11 20:28:05.528 DEBUG 16644 --- [XNIO-1 task-10] r.c.m.x.r.E.selectAllCount               : <==      Total: 1
2022-04-11 20:28:05.528 DEBUG 16644 --- [XNIO-1 task-10] r.c.m.x.r.E.selectAllCount               : ==>  Preparing: SELECT count(*) from t_exam_paper_question_customer_answer 
2022-04-11 20:28:05.528 DEBUG 16644 --- [XNIO-1 task-10] r.c.m.x.r.E.selectAllCount               : ==> Parameters: 
2022-04-11 20:28:05.541 DEBUG 16644 --- [XNIO-1 task-10] r.c.m.x.r.E.selectAllCount               : <==      Total: 1
2022-04-11 20:28:05.547 DEBUG 16644 --- [XNIO-1 task-10] r.c.m.x.r.U.selectCountByDate            : ==>  Preparing: SELECT create_time as name,COUNT(create_time) as value from ( SELECT DATE_FORMAT(create_time,'%Y-%m-%d') as create_time from t_user_event_log WHERE create_time between ? and ? ) a GROUP BY create_time 
2022-04-11 20:28:05.548 DEBUG 16644 --- [XNIO-1 task-10] r.c.m.x.r.U.selectCountByDate            : ==> Parameters: 2022-04-01 00:00:00.0(Timestamp), 2022-04-30 23:59:59.0(Timestamp)
2022-04-11 20:28:05.553 DEBUG 16644 --- [XNIO-1 task-10] r.c.m.x.r.U.selectCountByDate            : <==      Total: 2
2022-04-11 20:28:05.556 DEBUG 16644 --- [XNIO-1 task-10] r.c.m.x.r.E.selectCountByDate            : ==>  Preparing: SELECT create_time as name,COUNT(create_time) as value from ( SELECT DATE_FORMAT(create_time,'%Y-%m-%d') as create_time from t_exam_paper_question_customer_answer WHERE create_time between ? and ? ) a GROUP BY create_time 
2022-04-11 20:28:05.557 DEBUG 16644 --- [XNIO-1 task-10] r.c.m.x.r.E.selectCountByDate            : ==> Parameters: 2022-04-01 00:00:00.0(Timestamp), 2022-04-30 23:59:59.0(Timestamp)
2022-04-11 20:28:05.558 DEBUG 16644 --- [XNIO-1 task-10] r.c.m.x.r.E.selectCountByDate            : <==      Total: 1
2022-04-11 20:28:12.980 DEBUG 16644 --- [XNIO-1 task-11] r.c.m.x.r.UserMapper.userPage_COUNT      : ==>  Preparing: SELECT count(0) FROM t_user WHERE deleted = 0 AND role = ? 
2022-04-11 20:28:12.980 DEBUG 16644 --- [XNIO-1 task-11] r.c.m.x.r.UserMapper.userPage_COUNT      : ==> Parameters: 1(Integer)
2022-04-11 20:28:12.982 DEBUG 16644 --- [XNIO-1 task-11] r.c.m.x.r.UserMapper.userPage_COUNT      : <==      Total: 1
2022-04-11 20:28:12.984 DEBUG 16644 --- [XNIO-1 task-11] r.c.m.x.repository.UserMapper.userPage   : ==>  Preparing: SELECT id, user_uuid, user_name, password, real_name, age, sex, birth_day, user_level, phone, role, status, image_path, create_time, modify_time, last_active_time, deleted, wx_open_id FROM t_user WHERE deleted = 0 AND role = ? order by id desc LIMIT ? 
2022-04-11 20:28:12.985 DEBUG 16644 --- [XNIO-1 task-11] r.c.m.x.repository.UserMapper.userPage   : ==> Parameters: 1(Integer), 10(Integer)
2022-04-11 20:28:12.987 DEBUG 16644 --- [XNIO-1 task-11] r.c.m.x.repository.UserMapper.userPage   : <==      Total: 2
2022-04-11 20:28:20.326 DEBUG 16644 --- [XNIO-1 task-12] r.c.m.x.r.UserEventLogMapper.page_COUNT  : ==>  Preparing: SELECT count(0) FROM t_user_event_log WHERE user_id = ? 
2022-04-11 20:28:20.326 DEBUG 16644 --- [XNIO-1 task-12] r.c.m.x.r.UserEventLogMapper.page_COUNT  : ==> Parameters: 3(Integer)
2022-04-11 20:28:20.327 DEBUG 16644 --- [XNIO-1 task-12] r.c.m.x.r.UserEventLogMapper.page_COUNT  : <==      Total: 1
2022-04-11 20:28:23.442 DEBUG 16644 --- [XNIO-1 task-13] r.c.m.x.r.UserMapper.userPage_COUNT      : ==>  Preparing: SELECT count(0) FROM t_user WHERE deleted = 0 AND role = ? 
2022-04-11 20:28:23.443 DEBUG 16644 --- [XNIO-1 task-13] r.c.m.x.r.UserMapper.userPage_COUNT      : ==> Parameters: 1(Integer)
2022-04-11 20:28:23.444 DEBUG 16644 --- [XNIO-1 task-13] r.c.m.x.r.UserMapper.userPage_COUNT      : <==      Total: 1
2022-04-11 20:28:23.445 DEBUG 16644 --- [XNIO-1 task-13] r.c.m.x.repository.UserMapper.userPage   : ==>  Preparing: SELECT id, user_uuid, user_name, password, real_name, age, sex, birth_day, user_level, phone, role, status, image_path, create_time, modify_time, last_active_time, deleted, wx_open_id FROM t_user WHERE deleted = 0 AND role = ? order by id desc LIMIT ? 
2022-04-11 20:28:23.446 DEBUG 16644 --- [XNIO-1 task-13] r.c.m.x.repository.UserMapper.userPage   : ==> Parameters: 1(Integer), 10(Integer)
2022-04-11 20:28:23.448 DEBUG 16644 --- [XNIO-1 task-13] r.c.m.x.repository.UserMapper.userPage   : <==      Total: 2
2022-04-11 20:28:25.610 DEBUG 16644 --- [XNIO-1 task-14] r.c.m.x.r.UserEventLogMapper.page_COUNT  : ==>  Preparing: SELECT count(0) FROM t_user_event_log WHERE user_id = ? 
2022-04-11 20:28:25.610 DEBUG 16644 --- [XNIO-1 task-14] r.c.m.x.r.UserEventLogMapper.page_COUNT  : ==> Parameters: 1(Integer)
2022-04-11 20:28:25.611 DEBUG 16644 --- [XNIO-1 task-14] r.c.m.x.r.UserEventLogMapper.page_COUNT  : <==      Total: 1
2022-04-11 20:28:25.613 DEBUG 16644 --- [XNIO-1 task-14] r.c.m.x.r.UserEventLogMapper.page        : ==>  Preparing: SELECT id, user_id, user_name, real_name, content, create_time FROM t_user_event_log WHERE user_id = ? order by id desc LIMIT ? 
2022-04-11 20:28:25.614 DEBUG 16644 --- [XNIO-1 task-14] r.c.m.x.r.UserEventLogMapper.page        : ==> Parameters: 1(Integer), 10(Integer)
2022-04-11 20:28:25.617 DEBUG 16644 --- [XNIO-1 task-14] r.c.m.x.r.UserEventLogMapper.page        : <==      Total: 9
2022-04-11 20:28:29.824 DEBUG 16644 --- [XNIO-1 task-15] r.c.m.x.r.UserMapper.userPage_COUNT      : ==>  Preparing: SELECT count(0) FROM t_user WHERE deleted = 0 AND role = ? 
2022-04-11 20:28:29.825 DEBUG 16644 --- [XNIO-1 task-15] r.c.m.x.r.UserMapper.userPage_COUNT      : ==> Parameters: 1(Integer)
2022-04-11 20:28:29.826 DEBUG 16644 --- [XNIO-1 task-15] r.c.m.x.r.UserMapper.userPage_COUNT      : <==      Total: 1
2022-04-11 20:28:29.828 DEBUG 16644 --- [XNIO-1 task-15] r.c.m.x.repository.UserMapper.userPage   : ==>  Preparing: SELECT id, user_uuid, user_name, password, real_name, age, sex, birth_day, user_level, phone, role, status, image_path, create_time, modify_time, last_active_time, deleted, wx_open_id FROM t_user WHERE deleted = 0 AND role = ? order by id desc LIMIT ? 
2022-04-11 20:28:29.829 DEBUG 16644 --- [XNIO-1 task-15] r.c.m.x.repository.UserMapper.userPage   : ==> Parameters: 1(Integer), 10(Integer)
2022-04-11 20:28:29.830 DEBUG 16644 --- [XNIO-1 task-15] r.c.m.x.repository.UserMapper.userPage   : <==      Total: 2
2022-04-11 20:28:32.242 DEBUG 16644 --- [XNIO-1 task-16] r.c.m.x.r.TaskExamMapper.page_COUNT      : ==>  Preparing: SELECT count(0) FROM t_task_exam WHERE deleted = 0 
2022-04-11 20:28:32.242 DEBUG 16644 --- [XNIO-1 task-16] r.c.m.x.r.TaskExamMapper.page_COUNT      : ==> Parameters: 
2022-04-11 20:28:32.254 DEBUG 16644 --- [XNIO-1 task-16] r.c.m.x.r.TaskExamMapper.page_COUNT      : <==      Total: 1
2022-04-11 20:28:36.255 DEBUG 16644 --- [XNIO-1 task-17] r.c.m.x.r.SubjectMapper.allSubject       : ==>  Preparing: select id, name, level, level_name, item_order, deleted from t_subject 
2022-04-11 20:28:36.255 DEBUG 16644 --- [XNIO-1 task-17] r.c.m.x.r.SubjectMapper.allSubject       : ==> Parameters: 
2022-04-11 20:28:36.274 DEBUG 16644 --- [XNIO-1 task-17] r.c.m.x.r.SubjectMapper.allSubject       : <==      Total: 2
2022-04-11 20:28:39.650 DEBUG 16644 --- [XNIO-1 task-18] r.c.m.x.r.SubjectMapper.allSubject       : ==>  Preparing: select id, name, level, level_name, item_order, deleted from t_subject 
2022-04-11 20:28:39.650 DEBUG 16644 --- [XNIO-1 task-18] r.c.m.x.r.SubjectMapper.allSubject       : ==> Parameters: 
2022-04-11 20:28:39.651 DEBUG 16644 --- [XNIO-1 task-18] r.c.m.x.r.SubjectMapper.allSubject       : <==      Total: 2
2022-04-11 20:28:39.967 DEBUG 16644 --- [XNIO-1 task-19] r.c.m.x.r.ExamPaperMapper.page_COUNT     : ==>  Preparing: SELECT count(0) FROM t_exam_paper WHERE deleted = 0 
2022-04-11 20:28:39.967 DEBUG 16644 --- [XNIO-1 task-19] r.c.m.x.r.ExamPaperMapper.page_COUNT     : ==> Parameters: 
2022-04-11 20:28:39.968 DEBUG 16644 --- [XNIO-1 task-19] r.c.m.x.r.ExamPaperMapper.page_COUNT     : <==      Total: 1
2022-04-11 20:28:39.969 DEBUG 16644 --- [XNIO-1 task-19] r.c.m.x.repository.ExamPaperMapper.page  : ==>  Preparing: SELECT id, name, subject_id, paper_type, grade_level, score, question_count, suggest_time, limit_start_time, limit_end_time, frame_text_content_id, create_user, create_time, deleted, task_exam_id FROM t_exam_paper WHERE deleted = 0 order by id desc LIMIT ? 
2022-04-11 20:28:39.969 DEBUG 16644 --- [XNIO-1 task-19] r.c.m.x.repository.ExamPaperMapper.page  : ==> Parameters: 10(Integer)
2022-04-11 20:28:39.971 DEBUG 16644 --- [XNIO-1 task-19] r.c.m.x.repository.ExamPaperMapper.page  : <==      Total: 1
2022-04-11 20:28:40.980 DEBUG 16644 --- [XNIO-1 task-20] r.c.m.x.r.SubjectMapper.allSubject       : ==>  Preparing: select id, name, level, level_name, item_order, deleted from t_subject 
2022-04-11 20:28:40.981 DEBUG 16644 --- [XNIO-1 task-20] r.c.m.x.r.SubjectMapper.allSubject       : ==> Parameters: 
2022-04-11 20:28:40.982 DEBUG 16644 --- [XNIO-1 task-20] r.c.m.x.r.SubjectMapper.allSubject       : <==      Total: 2
2022-04-11 20:28:40.987 DEBUG 16644 --- [XNIO-1 task-21] r.c.m.x.r.QuestionMapper.page_COUNT      : ==>  Preparing: SELECT count(0) FROM t_question WHERE deleted = 0 
2022-04-11 20:28:40.987 DEBUG 16644 --- [XNIO-1 task-21] r.c.m.x.r.QuestionMapper.page_COUNT      : ==> Parameters: 
2022-04-11 20:28:40.988 DEBUG 16644 --- [XNIO-1 task-21] r.c.m.x.r.QuestionMapper.page_COUNT      : <==      Total: 1
2022-04-11 20:28:40.990 DEBUG 16644 --- [XNIO-1 task-21] r.c.m.x.repository.QuestionMapper.page   : ==>  Preparing: SELECT id, question_type, subject_id, score, grade_level, difficult, correct, info_text_content_id, create_user, status, create_time, deleted FROM t_question WHERE deleted = 0 order by id desc LIMIT ? 
2022-04-11 20:28:40.991 DEBUG 16644 --- [XNIO-1 task-21] r.c.m.x.repository.QuestionMapper.page   : ==> Parameters: 10(Integer)
2022-04-11 20:28:40.993 DEBUG 16644 --- [XNIO-1 task-21] r.c.m.x.repository.QuestionMapper.page   : <==      Total: 1
2022-04-11 20:28:41.010 DEBUG 16644 --- [XNIO-1 task-21] r.c.m.x.r.T.selectByPrimaryKey           : ==>  Preparing: select id, content, create_time from t_text_content where id = ? 
2022-04-11 20:28:41.010 DEBUG 16644 --- [XNIO-1 task-21] r.c.m.x.r.T.selectByPrimaryKey           : ==> Parameters: 1(Integer)
2022-04-11 20:28:41.026 DEBUG 16644 --- [XNIO-1 task-21] r.c.m.x.r.T.selectByPrimaryKey           : <==      Total: 1
2022-04-11 20:28:42.388 DEBUG 16644 --- [XNIO-1 task-22] r.c.m.x.r.SubjectMapper.page_COUNT       : ==>  Preparing: SELECT count(0) FROM t_subject WHERE deleted = 0 
2022-04-11 20:28:42.388 DEBUG 16644 --- [XNIO-1 task-22] r.c.m.x.r.SubjectMapper.page_COUNT       : ==> Parameters: 
2022-04-11 20:28:42.389 DEBUG 16644 --- [XNIO-1 task-22] r.c.m.x.r.SubjectMapper.page_COUNT       : <==      Total: 1
2022-04-11 20:28:42.390 DEBUG 16644 --- [XNIO-1 task-22] r.c.m.xzs.repository.SubjectMapper.page  : ==>  Preparing: SELECT id, name, level, level_name, item_order, deleted FROM t_subject WHERE deleted = 0 order by id desc LIMIT ? 
2022-04-11 20:28:42.391 DEBUG 16644 --- [XNIO-1 task-22] r.c.m.xzs.repository.SubjectMapper.page  : ==> Parameters: 10(Integer)
2022-04-11 20:28:42.392 DEBUG 16644 --- [XNIO-1 task-22] r.c.m.xzs.repository.SubjectMapper.page  : <==      Total: 2
2022-04-11 20:28:44.839 DEBUG 16644 --- [XNIO-1 task-23] r.c.m.x.r.SubjectMapper.allSubject       : ==>  Preparing: select id, name, level, level_name, item_order, deleted from t_subject 
2022-04-11 20:28:44.839 DEBUG 16644 --- [XNIO-1 task-23] r.c.m.x.r.SubjectMapper.allSubject       : ==> Parameters: 
2022-04-11 20:28:44.840 DEBUG 16644 --- [XNIO-1 task-24] r.c.m.x.r.QuestionMapper.page_COUNT      : ==>  Preparing: SELECT count(0) FROM t_question WHERE deleted = 0 
2022-04-11 20:28:44.840 DEBUG 16644 --- [XNIO-1 task-23] r.c.m.x.r.SubjectMapper.allSubject       : <==      Total: 2
2022-04-11 20:28:44.840 DEBUG 16644 --- [XNIO-1 task-24] r.c.m.x.r.QuestionMapper.page_COUNT      : ==> Parameters: 
2022-04-11 20:28:44.841 DEBUG 16644 --- [XNIO-1 task-24] r.c.m.x.r.QuestionMapper.page_COUNT      : <==      Total: 1
2022-04-11 20:28:44.843 DEBUG 16644 --- [XNIO-1 task-24] r.c.m.x.repository.QuestionMapper.page   : ==>  Preparing: SELECT id, question_type, subject_id, score, grade_level, difficult, correct, info_text_content_id, create_user, status, create_time, deleted FROM t_question WHERE deleted = 0 order by id desc LIMIT ? 
2022-04-11 20:28:44.844 DEBUG 16644 --- [XNIO-1 task-24] r.c.m.x.repository.QuestionMapper.page   : ==> Parameters: 10(Integer)
2022-04-11 20:28:44.846 DEBUG 16644 --- [XNIO-1 task-24] r.c.m.x.repository.QuestionMapper.page   : <==      Total: 1
2022-04-11 20:28:49.493 DEBUG 16644 --- [XNIO-1 task-25] r.c.m.x.r.SubjectMapper.allSubject       : ==>  Preparing: select id, name, level, level_name, item_order, deleted from t_subject 
2022-04-11 20:28:49.494 DEBUG 16644 --- [XNIO-1 task-25] r.c.m.x.r.SubjectMapper.allSubject       : ==> Parameters: 
2022-04-11 20:28:49.496 DEBUG 16644 --- [XNIO-1 task-25] r.c.m.x.r.SubjectMapper.allSubject       : <==      Total: 2
2022-04-11 20:28:49.500 DEBUG 16644 --- [XNIO-1 task-26] r.c.m.x.r.Q.selectByPrimaryKey           : ==>  Preparing: select id, question_type, subject_id, score, grade_level, difficult, correct, info_text_content_id, create_user, status, create_time, deleted from t_question where id = ? 
2022-04-11 20:28:49.500 DEBUG 16644 --- [XNIO-1 task-26] r.c.m.x.r.Q.selectByPrimaryKey           : ==> Parameters: 1(Integer)
2022-04-11 20:28:49.501 DEBUG 16644 --- [XNIO-1 task-26] r.c.m.x.r.Q.selectByPrimaryKey           : <==      Total: 1
2022-04-11 20:29:04.501 DEBUG 16644 --- [XNIO-1 task-28] r.c.m.x.r.S.selectByPrimaryKey           : ==>  Preparing: select id, name, level, level_name, item_order, deleted from t_subject where id = ? 
2022-04-11 20:29:04.501 DEBUG 16644 --- [XNIO-1 task-28] r.c.m.x.r.S.selectByPrimaryKey           : ==> Parameters: 1(Integer)
2022-04-11 20:29:04.502 DEBUG 16644 --- [XNIO-1 task-28] r.c.m.x.r.S.selectByPrimaryKey           : <==      Total: 1
2022-04-11 20:29:04.503 DEBUG 16644 --- [XNIO-1 task-28] r.c.m.x.r.Q.selectByPrimaryKey           : ==>  Preparing: select id, question_type, subject_id, score, grade_level, difficult, correct, info_text_content_id, create_user, status, create_time, deleted from t_question where id = ? 
2022-04-11 20:29:04.503 DEBUG 16644 --- [XNIO-1 task-28] r.c.m.x.r.Q.selectByPrimaryKey           : ==> Parameters: 1(Integer)
2022-04-11 20:29:04.504 DEBUG 16644 --- [XNIO-1 task-28] r.c.m.x.r.Q.selectByPrimaryKey           : <==      Total: 1
2022-04-11 20:29:04.505 DEBUG 16644 --- [XNIO-1 task-28] r.c.m.x.r.Q.updateByPrimaryKeySelective  : ==>  Preparing: update t_question SET question_type = ?, subject_id = ?, score = ?, grade_level = ?, difficult = ?, correct = ?, info_text_content_id = ?, create_user = ?, status = ?, create_time = ?, deleted = ? where id = ? 
2022-04-11 20:29:04.506 DEBUG 16644 --- [XNIO-1 task-28] r.c.m.x.r.Q.updateByPrimaryKeySelective  : ==> Parameters: 1(Integer), 1(Integer), 50(Integer), 1(Integer), 1(Integer), B(String), 1(Integer), 2(Integer), 1(Integer), 2022-04-10 13:58:01.0(Timestamp), false(Boolean), 1(Integer)
2022-04-11 20:29:04.509 DEBUG 16644 --- [XNIO-1 task-28] r.c.m.x.r.Q.updateByPrimaryKeySelective  : <==    Updates: 1
2022-04-11 20:29:04.511 DEBUG 16644 --- [XNIO-1 task-28] r.c.m.x.r.T.updateByPrimaryKeySelective  : ==>  Preparing: update t_text_content SET content = ?, create_time = ? where id = ? 
2022-04-11 20:29:04.511 DEBUG 16644 --- [XNIO-1 task-28] r.c.m.x.r.T.updateByPrimaryKeySelective  : ==> Parameters: {"titleContent":"1+1=","analyze":"2","questionItemObjects":[{"prefix":"A","content":"1","score":null,"itemUuid":null},{"prefix":"B","content":"2","score":null,"itemUuid":null},{"prefix":"C","content":"3","score":null,"itemUuid":null},{"prefix":"D","content":"4","score":null,"itemUuid":null}],"correct":"B"}(String), 2022-04-10 13:58:01.0(Timestamp), 1(Integer)
2022-04-11 20:29:04.512 DEBUG 16644 --- [XNIO-1 task-28] r.c.m.x.r.T.updateByPrimaryKeySelective  : <==    Updates: 1
2022-04-11 20:29:05.115 DEBUG 16644 --- [XNIO-1 task-29] r.c.m.x.r.SubjectMapper.allSubject       : ==>  Preparing: select id, name, level, level_name, item_order, deleted from t_subject 
2022-04-11 20:29:05.115 DEBUG 16644 --- [XNIO-1 task-29] r.c.m.x.r.SubjectMapper.allSubject       : ==> Parameters: 
2022-04-11 20:29:05.116 DEBUG 16644 --- [XNIO-1 task-29] r.c.m.x.r.SubjectMapper.allSubject       : <==      Total: 2
2022-04-11 20:29:05.433 DEBUG 16644 --- [XNIO-1 task-30] r.c.m.x.r.QuestionMapper.page_COUNT      : ==>  Preparing: SELECT count(0) FROM t_question WHERE deleted = 0 
2022-04-11 20:29:05.433 DEBUG 16644 --- [XNIO-1 task-30] r.c.m.x.r.QuestionMapper.page_COUNT      : ==> Parameters: 
2022-04-11 20:29:05.433 DEBUG 16644 --- [XNIO-1 task-30] r.c.m.x.r.QuestionMapper.page_COUNT      : <==      Total: 1
2022-04-11 20:29:05.433 DEBUG 16644 --- [XNIO-1 task-30] r.c.m.x.repository.QuestionMapper.page   : ==>  Preparing: SELECT id, question_type, subject_id, score, grade_level, difficult, correct, info_text_content_id, create_user, status, create_time, deleted FROM t_question WHERE deleted = 0 order by id desc LIMIT ? 
2022-04-11 20:29:05.434 DEBUG 16644 --- [XNIO-1 task-30] r.c.m.x.repository.QuestionMapper.page   : ==> Parameters: 10(Integer)
2022-04-11 20:29:05.434 DEBUG 16644 --- [XNIO-1 task-30] r.c.m.x.repository.QuestionMapper.page   : <==      Total: 1
2022-04-11 20:29:05.435 DEBUG 16644 --- [XNIO-1 task-30] r.c.m.x.r.T.selectByPrimaryKey           : ==>  Preparing: select id, content, create_time from t_text_content where id = ? 
2022-04-11 20:29:05.435 DEBUG 16644 --- [XNIO-1 task-30] r.c.m.x.r.T.selectByPrimaryKey           : ==> Parameters: 1(Integer)
2022-04-11 20:29:05.436 DEBUG 16644 --- [XNIO-1 task-30] r.c.m.x.r.T.selectByPrimaryKey           : <==      Total: 1
2022-04-11 20:30:18.463 DEBUG 16644 --- [XNIO-1 task-31] r.c.m.x.r.SubjectMapper.allSubject       : ==>  Preparing: select id, name, level, level_name, item_order, deleted from t_subject 
2022-04-11 20:30:18.464 DEBUG 16644 --- [XNIO-1 task-31] r.c.m.x.r.SubjectMapper.allSubject       : ==> Parameters: 
2022-04-11 20:30:18.467 DEBUG 16644 --- [XNIO-1 task-32] r.c.m.x.r.Q.selectByPrimaryKey           : ==>  Preparing: select id, question_type, subject_id, score, grade_level, difficult, correct, info_text_content_id, create_user, status, create_time, deleted from t_question where id = ? 
2022-04-11 20:30:18.467 DEBUG 16644 --- [XNIO-1 task-32] r.c.m.x.r.Q.selectByPrimaryKey           : ==> Parameters: 1(Integer)
2022-04-11 20:30:18.469 DEBUG 16644 --- [XNIO-1 task-31] r.c.m.x.r.SubjectMapper.allSubject       : <==      Total: 2
2022-04-11 20:30:18.470 DEBUG 16644 --- [XNIO-1 task-32] r.c.m.x.r.Q.selectByPrimaryKey           : <==      Total: 1
2022-04-11 20:30:18.712 DEBUG 16644 --- [XNIO-1 task-33] r.c.m.x.r.SubjectMapper.allSubject       : ==>  Preparing: select id, name, level, level_name, item_order, deleted from t_subject 
2022-04-11 20:30:18.712 DEBUG 16644 --- [XNIO-1 task-33] r.c.m.x.r.SubjectMapper.allSubject       : ==> Parameters: 
2022-04-11 20:30:18.713 DEBUG 16644 --- [XNIO-1 task-33] r.c.m.x.r.SubjectMapper.allSubject       : <==      Total: 2
2022-04-11 20:30:18.807 DEBUG 16644 --- [XNIO-1 task-34] r.c.m.x.r.QuestionMapper.page_COUNT      : ==>  Preparing: SELECT count(0) FROM t_question WHERE deleted = 0 
2022-04-11 20:30:18.807 DEBUG 16644 --- [XNIO-1 task-34] r.c.m.x.r.QuestionMapper.page_COUNT      : ==> Parameters: 
2022-04-11 20:30:18.808 DEBUG 16644 --- [XNIO-1 task-34] r.c.m.x.r.QuestionMapper.page_COUNT      : <==      Total: 1
2022-04-11 20:30:18.809 DEBUG 16644 --- [XNIO-1 task-34] r.c.m.x.repository.QuestionMapper.page   : ==>  Preparing: SELECT id, question_type, subject_id, score, grade_level, difficult, correct, info_text_content_id, create_user, status, create_time, deleted FROM t_question WHERE deleted = 0 order by id desc LIMIT ? 
2022-04-11 20:30:18.809 DEBUG 16644 --- [XNIO-1 task-34] r.c.m.x.repository.QuestionMapper.page   : ==> Parameters: 10(Integer)
2022-04-11 20:30:18.810 DEBUG 16644 --- [XNIO-1 task-34] r.c.m.x.repository.QuestionMapper.page   : <==      Total: 1
2022-04-11 20:30:19.527 DEBUG 16644 --- [XNIO-1 task-35] r.c.m.x.r.SubjectMapper.page_COUNT       : ==>  Preparing: SELECT count(0) FROM t_subject WHERE deleted = 0 
2022-04-11 20:30:19.528 DEBUG 16644 --- [XNIO-1 task-35] r.c.m.x.r.SubjectMapper.page_COUNT       : ==> Parameters: 
2022-04-11 20:30:19.528 DEBUG 16644 --- [XNIO-1 task-35] r.c.m.x.r.SubjectMapper.page_COUNT       : <==      Total: 1
2022-04-11 20:30:19.529 DEBUG 16644 --- [XNIO-1 task-35] r.c.m.xzs.repository.SubjectMapper.page  : ==>  Preparing: SELECT id, name, level, level_name, item_order, deleted FROM t_subject WHERE deleted = 0 order by id desc LIMIT ? 
2022-04-11 20:30:19.529 DEBUG 16644 --- [XNIO-1 task-35] r.c.m.xzs.repository.SubjectMapper.page  : ==> Parameters: 10(Integer)
2022-04-11 20:30:19.530 DEBUG 16644 --- [XNIO-1 task-35] r.c.m.xzs.repository.SubjectMapper.page  : <==      Total: 2
2022-04-11 20:30:20.538 DEBUG 16644 --- [XNIO-1 task-36] r.c.m.x.r.SubjectMapper.allSubject       : ==>  Preparing: select id, name, level, level_name, item_order, deleted from t_subject 
2022-04-11 20:30:20.538 DEBUG 16644 --- [XNIO-1 task-36] r.c.m.x.r.SubjectMapper.allSubject       : ==> Parameters: 
2022-04-11 20:30:20.539 DEBUG 16644 --- [XNIO-1 task-36] r.c.m.x.r.SubjectMapper.allSubject       : <==      Total: 2
2022-04-11 20:30:20.791 DEBUG 16644 --- [XNIO-1 task-37] r.c.m.x.r.TaskExamMapper.page_COUNT      : ==>  Preparing: SELECT count(0) FROM t_task_exam WHERE deleted = 0 
2022-04-11 20:30:20.791 DEBUG 16644 --- [XNIO-1 task-37] r.c.m.x.r.TaskExamMapper.page_COUNT      : ==> Parameters: 
2022-04-11 20:30:20.792 DEBUG 16644 --- [XNIO-1 task-37] r.c.m.x.r.TaskExamMapper.page_COUNT      : <==      Total: 1
2022-04-11 20:30:21.108 DEBUG 16644 --- [XNIO-1 task-38] r.c.m.x.r.E.selectAllCount               : ==>  Preparing: SELECT count(*) from t_exam_paper where deleted=0 
2022-04-11 20:30:21.108 DEBUG 16644 --- [XNIO-1 task-38] r.c.m.x.r.E.selectAllCount               : ==> Parameters: 
2022-04-11 20:30:21.109 DEBUG 16644 --- [XNIO-1 task-38] r.c.m.x.r.E.selectAllCount               : <==      Total: 1
2022-04-11 20:30:21.109 DEBUG 16644 --- [XNIO-1 task-38] r.c.m.x.r.QuestionMapper.selectAllCount  : ==>  Preparing: SELECT count(*) from t_question where deleted=0 
2022-04-11 20:30:21.110 DEBUG 16644 --- [XNIO-1 task-38] r.c.m.x.r.QuestionMapper.selectAllCount  : ==> Parameters: 
2022-04-11 20:30:21.110 DEBUG 16644 --- [XNIO-1 task-38] r.c.m.x.r.QuestionMapper.selectAllCount  : <==      Total: 1
2022-04-11 20:30:21.111 DEBUG 16644 --- [XNIO-1 task-38] r.c.m.x.r.E.selectAllCount               : ==>  Preparing: SELECT count(*) from t_exam_paper_answer 
2022-04-11 20:30:21.111 DEBUG 16644 --- [XNIO-1 task-38] r.c.m.x.r.E.selectAllCount               : ==> Parameters: 
2022-04-11 20:30:21.113 DEBUG 16644 --- [XNIO-1 task-38] r.c.m.x.r.E.selectAllCount               : <==      Total: 1
2022-04-11 20:30:21.114 DEBUG 16644 --- [XNIO-1 task-38] r.c.m.x.r.E.selectAllCount               : ==>  Preparing: SELECT count(*) from t_exam_paper_question_customer_answer 
2022-04-11 20:30:21.114 DEBUG 16644 --- [XNIO-1 task-38] r.c.m.x.r.E.selectAllCount               : ==> Parameters: 
2022-04-11 20:30:21.117 DEBUG 16644 --- [XNIO-1 task-38] r.c.m.x.r.E.selectAllCount               : <==      Total: 1
2022-04-11 20:30:21.118 DEBUG 16644 --- [XNIO-1 task-38] r.c.m.x.r.U.selectCountByDate            : ==>  Preparing: SELECT create_time as name,COUNT(create_time) as value from ( SELECT DATE_FORMAT(create_time,'%Y-%m-%d') as create_time from t_user_event_log WHERE create_time between ? and ? ) a GROUP BY create_time 
2022-04-11 20:30:21.119 DEBUG 16644 --- [XNIO-1 task-38] r.c.m.x.r.U.selectCountByDate            : ==> Parameters: 2022-04-01 00:00:00.0(Timestamp), 2022-04-30 23:59:59.0(Timestamp)
2022-04-11 20:30:21.121 DEBUG 16644 --- [XNIO-1 task-38] r.c.m.x.r.U.selectCountByDate            : <==      Total: 2
2022-04-11 20:30:21.123 DEBUG 16644 --- [XNIO-1 task-38] r.c.m.x.r.E.selectCountByDate            : ==>  Preparing: SELECT create_time as name,COUNT(create_time) as value from ( SELECT DATE_FORMAT(create_time,'%Y-%m-%d') as create_time from t_exam_paper_question_customer_answer WHERE create_time between ? and ? ) a GROUP BY create_time 
2022-04-11 20:30:21.124 DEBUG 16644 --- [XNIO-1 task-38] r.c.m.x.r.E.selectCountByDate            : ==> Parameters: 2022-04-01 00:00:00.0(Timestamp), 2022-04-30 23:59:59.0(Timestamp)
2022-04-11 20:30:21.126 DEBUG 16644 --- [XNIO-1 task-38] r.c.m.x.r.E.selectCountByDate            : <==      Total: 1
2022-04-11 20:30:24.966 DEBUG 16644 --- [XNIO-1 task-39] r.c.m.x.r.U.insertSelective              : ==>  Preparing: insert into t_user_event_log ( user_id, user_name, real_name, content, create_time ) values ( ?, ?, ?, ?, ? ) 
2022-04-11 20:30:24.967 DEBUG 16644 --- [XNIO-1 task-39] r.c.m.x.r.U.insertSelective              : ==> Parameters: 2(Integer), admin(String), 管理员(String), admin 登出了学之思开源考试系统(String), 2022-04-11 20:30:24.965(Timestamp)
2022-04-11 20:30:24.982 DEBUG 16644 --- [XNIO-1 task-39] r.c.m.x.r.U.insertSelective              : <==    Updates: 1
2022-04-11 20:43:38.826 DEBUG 16644 --- [XNIO-1 task-49] r.c.m.x.r.U.insertSelective              : ==>  Preparing: insert into t_user_event_log ( user_id, user_name, real_name, content, create_time ) values ( ?, ?, ?, ?, ? ) 
2022-04-11 20:43:38.827 DEBUG 16644 --- [XNIO-1 task-49] r.c.m.x.r.U.insertSelective              : ==> Parameters: 2(Integer), admin(String), 管理员(String), admin 登录了学之思开源考试系统(String), 2022-04-11 20:43:38.825(Timestamp)
2022-04-11 20:43:38.843 DEBUG 16644 --- [XNIO-1 task-49] r.c.m.x.r.U.insertSelective              : <==    Updates: 1
2022-04-11 20:43:39.086 DEBUG 16644 --- [XNIO-1 task-50] r.c.m.x.r.E.selectAllCount               : ==>  Preparing: SELECT count(*) from t_exam_paper where deleted=0 
2022-04-11 20:43:39.087 DEBUG 16644 --- [XNIO-1 task-50] r.c.m.x.r.E.selectAllCount               : ==> Parameters: 
2022-04-11 20:43:39.088 DEBUG 16644 --- [XNIO-1 task-50] r.c.m.x.r.E.selectAllCount               : <==      Total: 1
2022-04-11 20:43:39.088 DEBUG 16644 --- [XNIO-1 task-50] r.c.m.x.r.QuestionMapper.selectAllCount  : ==>  Preparing: SELECT count(*) from t_question where deleted=0 
2022-04-11 20:43:39.088 DEBUG 16644 --- [XNIO-1 task-50] r.c.m.x.r.QuestionMapper.selectAllCount  : ==> Parameters: 
2022-04-11 20:43:39.089 DEBUG 16644 --- [XNIO-1 task-50] r.c.m.x.r.QuestionMapper.selectAllCount  : <==      Total: 1
2022-04-11 20:43:39.089 DEBUG 16644 --- [XNIO-1 task-50] r.c.m.x.r.E.selectAllCount               : ==>  Preparing: SELECT count(*) from t_exam_paper_answer 
2022-04-11 20:43:39.089 DEBUG 16644 --- [XNIO-1 task-50] r.c.m.x.r.E.selectAllCount               : ==> Parameters: 
2022-04-11 20:43:39.093 DEBUG 16644 --- [XNIO-1 task-50] r.c.m.x.r.E.selectAllCount               : <==      Total: 1
2022-04-11 20:43:39.094 DEBUG 16644 --- [XNIO-1 task-50] r.c.m.x.r.E.selectAllCount               : ==>  Preparing: SELECT count(*) from t_exam_paper_question_customer_answer 
2022-04-11 20:43:39.094 DEBUG 16644 --- [XNIO-1 task-50] r.c.m.x.r.E.selectAllCount               : ==> Parameters: 
2022-04-11 20:43:39.095 DEBUG 16644 --- [XNIO-1 task-50] r.c.m.x.r.E.selectAllCount               : <==      Total: 1
2022-04-11 20:43:39.096 DEBUG 16644 --- [XNIO-1 task-50] r.c.m.x.r.U.selectCountByDate            : ==>  Preparing: SELECT create_time as name,COUNT(create_time) as value from ( SELECT DATE_FORMAT(create_time,'%Y-%m-%d') as create_time from t_user_event_log WHERE create_time between ? and ? ) a GROUP BY create_time 
2022-04-11 20:43:39.096 DEBUG 16644 --- [XNIO-1 task-50] r.c.m.x.r.U.selectCountByDate            : ==> Parameters: 2022-04-01 00:00:00.0(Timestamp), 2022-04-30 23:59:59.0(Timestamp)
2022-04-11 20:43:39.098 DEBUG 16644 --- [XNIO-1 task-50] r.c.m.x.r.U.selectCountByDate            : <==      Total: 2
2022-04-11 20:43:39.100 DEBUG 16644 --- [XNIO-1 task-50] r.c.m.x.r.E.selectCountByDate            : ==>  Preparing: SELECT create_time as name,COUNT(create_time) as value from ( SELECT DATE_FORMAT(create_time,'%Y-%m-%d') as create_time from t_exam_paper_question_customer_answer WHERE create_time between ? and ? ) a GROUP BY create_time 
2022-04-11 20:43:39.101 DEBUG 16644 --- [XNIO-1 task-50] r.c.m.x.r.E.selectCountByDate            : ==> Parameters: 2022-04-01 00:00:00.0(Timestamp), 2022-04-30 23:59:59.0(Timestamp)
2022-04-11 20:43:39.102 DEBUG 16644 --- [XNIO-1 task-50] r.c.m.x.r.E.selectCountByDate            : <==      Total: 1
2022-04-11 20:44:00.325 DEBUG 16644 --- [XNIO-1 task-51] r.c.m.x.r.UserMapper.userPage_COUNT      : ==>  Preparing: SELECT count(0) FROM t_user WHERE deleted = 0 AND role = ? 
2022-04-11 20:44:00.325 DEBUG 16644 --- [XNIO-1 task-51] r.c.m.x.r.UserMapper.userPage_COUNT      : ==> Parameters: 1(Integer)
2022-04-11 20:44:00.333 DEBUG 16644 --- [XNIO-1 task-51] r.c.m.x.r.UserMapper.userPage_COUNT      : <==      Total: 1
2022-04-11 20:44:00.334 DEBUG 16644 --- [XNIO-1 task-51] r.c.m.x.repository.UserMapper.userPage   : ==>  Preparing: SELECT id, user_uuid, user_name, password, real_name, age, sex, birth_day, user_level, phone, role, status, image_path, create_time, modify_time, last_active_time, deleted, wx_open_id FROM t_user WHERE deleted = 0 AND role = ? order by id desc LIMIT ? 
2022-04-11 20:44:00.334 DEBUG 16644 --- [XNIO-1 task-51] r.c.m.x.repository.UserMapper.userPage   : ==> Parameters: 1(Integer), 10(Integer)
2022-04-11 20:44:00.335 DEBUG 16644 --- [XNIO-1 task-51] r.c.m.x.repository.UserMapper.userPage   : <==      Total: 2
2022-04-11 20:46:50.245 DEBUG 16644 --- [XNIO-1 task-52] r.c.m.x.r.UserMapper.userPage_COUNT      : ==>  Preparing: SELECT count(0) FROM t_user WHERE deleted = 0 AND role = ? 
2022-04-11 20:46:50.246 DEBUG 16644 --- [XNIO-1 task-52] r.c.m.x.r.UserMapper.userPage_COUNT      : ==> Parameters: 3(Integer)
2022-04-11 20:46:50.247 DEBUG 16644 --- [XNIO-1 task-52] r.c.m.x.r.UserMapper.userPage_COUNT      : <==      Total: 1
2022-04-11 20:46:50.247 DEBUG 16644 --- [XNIO-1 task-52] r.c.m.x.repository.UserMapper.userPage   : ==>  Preparing: SELECT id, user_uuid, user_name, password, real_name, age, sex, birth_day, user_level, phone, role, status, image_path, create_time, modify_time, last_active_time, deleted, wx_open_id FROM t_user WHERE deleted = 0 AND role = ? order by id desc LIMIT ? 
2022-04-11 20:46:50.248 DEBUG 16644 --- [XNIO-1 task-52] r.c.m.x.repository.UserMapper.userPage   : ==> Parameters: 3(Integer), 10(Integer)
2022-04-11 20:46:50.248 DEBUG 16644 --- [XNIO-1 task-52] r.c.m.x.repository.UserMapper.userPage   : <==      Total: 1
2022-04-11 20:50:03.574 DEBUG 16644 --- [XNIO-1 task-53] r.c.m.x.r.SubjectMapper.allSubject       : ==>  Preparing: select id, name, level, level_name, item_order, deleted from t_subject 
2022-04-11 20:50:03.575 DEBUG 16644 --- [XNIO-1 task-53] r.c.m.x.r.SubjectMapper.allSubject       : ==> Parameters: 
2022-04-11 20:50:03.575 DEBUG 16644 --- [XNIO-1 task-54] r.c.m.x.r.ExamPaperMapper.page_COUNT     : ==>  Preparing: SELECT count(0) FROM t_exam_paper WHERE deleted = 0 
2022-04-11 20:50:03.575 DEBUG 16644 --- [XNIO-1 task-54] r.c.m.x.r.ExamPaperMapper.page_COUNT     : ==> Parameters: 
2022-04-11 20:50:03.576 DEBUG 16644 --- [XNIO-1 task-54] r.c.m.x.r.ExamPaperMapper.page_COUNT     : <==      Total: 1
2022-04-11 20:50:03.576 DEBUG 16644 --- [XNIO-1 task-53] r.c.m.x.r.SubjectMapper.allSubject       : <==      Total: 2
2022-04-11 20:50:03.577 DEBUG 16644 --- [XNIO-1 task-54] r.c.m.x.repository.ExamPaperMapper.page  : ==>  Preparing: SELECT id, name, subject_id, paper_type, grade_level, score, question_count, suggest_time, limit_start_time, limit_end_time, frame_text_content_id, create_user, create_time, deleted, task_exam_id FROM t_exam_paper WHERE deleted = 0 order by id desc LIMIT ? 
2022-04-11 20:50:03.578 DEBUG 16644 --- [XNIO-1 task-54] r.c.m.x.repository.ExamPaperMapper.page  : ==> Parameters: 10(Integer)
2022-04-11 20:50:03.579 DEBUG 16644 --- [XNIO-1 task-54] r.c.m.x.repository.ExamPaperMapper.page  : <==      Total: 1
2022-04-11 20:50:18.076 DEBUG 16644 --- [XNIO-1 task-56] r.c.m.x.r.SubjectMapper.allSubject       : ==>  Preparing: select id, name, level, level_name, item_order, deleted from t_subject 
2022-04-11 20:50:18.076 DEBUG 16644 --- [XNIO-1 task-56] r.c.m.x.r.SubjectMapper.allSubject       : ==> Parameters: 
2022-04-11 20:50:18.077 DEBUG 16644 --- [XNIO-1 task-55] r.c.m.x.r.QuestionMapper.page_COUNT      : ==>  Preparing: SELECT count(0) FROM t_question WHERE deleted = 0 
2022-04-11 20:50:18.077 DEBUG 16644 --- [XNIO-1 task-56] r.c.m.x.r.SubjectMapper.allSubject       : <==      Total: 2
2022-04-11 20:50:18.077 DEBUG 16644 --- [XNIO-1 task-55] r.c.m.x.r.QuestionMapper.page_COUNT      : ==> Parameters: 
2022-04-11 20:50:18.078 DEBUG 16644 --- [XNIO-1 task-55] r.c.m.x.r.QuestionMapper.page_COUNT      : <==      Total: 1
2022-04-11 20:50:18.080 DEBUG 16644 --- [XNIO-1 task-55] r.c.m.x.repository.QuestionMapper.page   : ==>  Preparing: SELECT id, question_type, subject_id, score, grade_level, difficult, correct, info_text_content_id, create_user, status, create_time, deleted FROM t_question WHERE deleted = 0 order by id desc LIMIT ? 
2022-04-11 20:50:18.080 DEBUG 16644 --- [XNIO-1 task-55] r.c.m.x.repository.QuestionMapper.page   : ==> Parameters: 10(Integer)
2022-04-11 20:50:18.081 DEBUG 16644 --- [XNIO-1 task-55] r.c.m.x.repository.QuestionMapper.page   : <==      Total: 1
2022-04-11 20:50:24.536 DEBUG 16644 --- [XNIO-1 task-57] r.c.m.x.r.SubjectMapper.allSubject       : ==>  Preparing: select id, name, level, level_name, item_order, deleted from t_subject 
2022-04-11 20:50:24.536 DEBUG 16644 --- [XNIO-1 task-57] r.c.m.x.r.SubjectMapper.allSubject       : ==> Parameters: 
2022-04-11 20:50:24.537 DEBUG 16644 --- [XNIO-1 task-57] r.c.m.x.r.SubjectMapper.allSubject       : <==      Total: 2
2022-04-11 20:50:24.541 DEBUG 16644 --- [XNIO-1 task-58] r.c.m.x.r.ExamPaperMapper.page_COUNT     : ==>  Preparing: SELECT count(0) FROM t_exam_paper WHERE deleted = 0 
2022-04-11 20:50:24.541 DEBUG 16644 --- [XNIO-1 task-58] r.c.m.x.r.ExamPaperMapper.page_COUNT     : ==> Parameters: 
2022-04-11 20:50:24.542 DEBUG 16644 --- [XNIO-1 task-58] r.c.m.x.r.ExamPaperMapper.page_COUNT     : <==      Total: 1
2022-04-11 20:50:24.543 DEBUG 16644 --- [XNIO-1 task-58] r.c.m.x.repository.ExamPaperMapper.page  : ==>  Preparing: SELECT id, name, subject_id, paper_type, grade_level, score, question_count, suggest_time, limit_start_time, limit_end_time, frame_text_content_id, create_user, create_time, deleted, task_exam_id FROM t_exam_paper WHERE deleted = 0 order by id desc LIMIT ? 
2022-04-11 20:50:24.543 DEBUG 16644 --- [XNIO-1 task-58] r.c.m.x.repository.ExamPaperMapper.page  : ==> Parameters: 10(Integer)
2022-04-11 20:50:24.545 DEBUG 16644 --- [XNIO-1 task-58] r.c.m.x.repository.ExamPaperMapper.page  : <==      Total: 1
2022-04-11 20:50:37.548 DEBUG 16644 --- [XNIO-1 task-59] r.c.m.x.r.SubjectMapper.allSubject       : ==>  Preparing: select id, name, level, level_name, item_order, deleted from t_subject 
2022-04-11 20:50:37.548 DEBUG 16644 --- [XNIO-1 task-59] r.c.m.x.r.SubjectMapper.allSubject       : ==> Parameters: 
2022-04-11 20:50:37.550 DEBUG 16644 --- [XNIO-1 task-59] r.c.m.x.r.SubjectMapper.allSubject       : <==      Total: 2
2022-04-11 20:50:37.854 DEBUG 16644 --- [XNIO-1 task-60] r.c.m.x.r.QuestionMapper.page_COUNT      : ==>  Preparing: SELECT count(0) FROM t_question WHERE deleted = 0 
2022-04-11 20:50:37.854 DEBUG 16644 --- [XNIO-1 task-60] r.c.m.x.r.QuestionMapper.page_COUNT      : ==> Parameters: 
2022-04-11 20:50:37.855 DEBUG 16644 --- [XNIO-1 task-60] r.c.m.x.r.QuestionMapper.page_COUNT      : <==      Total: 1
2022-04-11 20:50:37.856 DEBUG 16644 --- [XNIO-1 task-60] r.c.m.x.repository.QuestionMapper.page   : ==>  Preparing: SELECT id, question_type, subject_id, score, grade_level, difficult, correct, info_text_content_id, create_user, status, create_time, deleted FROM t_question WHERE deleted = 0 order by id desc LIMIT ? 
2022-04-11 20:50:37.857 DEBUG 16644 --- [XNIO-1 task-60] r.c.m.x.repository.QuestionMapper.page   : ==> Parameters: 10(Integer)
2022-04-11 20:50:37.858 DEBUG 16644 --- [XNIO-1 task-60] r.c.m.x.repository.QuestionMapper.page   : <==      Total: 1
2022-04-11 20:53:39.952 DEBUG 16644 --- [XNIO-1 task-61] r.c.m.x.r.TaskExamMapper.page_COUNT      : ==>  Preparing: SELECT count(0) FROM t_task_exam WHERE deleted = 0 
2022-04-11 20:53:39.952 DEBUG 16644 --- [XNIO-1 task-61] r.c.m.x.r.TaskExamMapper.page_COUNT      : ==> Parameters: 
2022-04-11 20:53:39.953 DEBUG 16644 --- [XNIO-1 task-61] r.c.m.x.r.TaskExamMapper.page_COUNT      : <==      Total: 1
2022-04-11 20:53:41.706 DEBUG 16644 --- [XNIO-1 task-62] r.c.m.x.r.SubjectMapper.allSubject       : ==>  Preparing: select id, name, level, level_name, item_order, deleted from t_subject 
2022-04-11 20:53:41.706 DEBUG 16644 --- [XNIO-1 task-62] r.c.m.x.r.SubjectMapper.allSubject       : ==> Parameters: 
2022-04-11 20:53:41.707 DEBUG 16644 --- [XNIO-1 task-62] r.c.m.x.r.SubjectMapper.allSubject       : <==      Total: 2
2022-04-11 20:53:50.703 DEBUG 16644 --- [XNIO-1 task-63] r.c.m.x.r.SubjectMapper.page_COUNT       : ==>  Preparing: SELECT count(0) FROM t_subject WHERE deleted = 0 
2022-04-11 20:53:50.703 DEBUG 16644 --- [XNIO-1 task-63] r.c.m.x.r.SubjectMapper.page_COUNT       : ==> Parameters: 
2022-04-11 20:53:50.704 DEBUG 16644 --- [XNIO-1 task-63] r.c.m.x.r.SubjectMapper.page_COUNT       : <==      Total: 1
2022-04-11 20:53:50.704 DEBUG 16644 --- [XNIO-1 task-63] r.c.m.xzs.repository.SubjectMapper.page  : ==>  Preparing: SELECT id, name, level, level_name, item_order, deleted FROM t_subject WHERE deleted = 0 order by id desc LIMIT ? 
2022-04-11 20:53:50.705 DEBUG 16644 --- [XNIO-1 task-63] r.c.m.xzs.repository.SubjectMapper.page  : ==> Parameters: 10(Integer)
2022-04-11 20:53:50.706 DEBUG 16644 --- [XNIO-1 task-63] r.c.m.xzs.repository.SubjectMapper.page  : <==      Total: 2
2022-04-11 20:55:47.151 DEBUG 16644 --- [XNIO-1 task-64] r.c.m.x.r.TaskExamMapper.page_COUNT      : ==>  Preparing: SELECT count(0) FROM t_task_exam WHERE deleted = 0 
2022-04-11 20:55:47.151 DEBUG 16644 --- [XNIO-1 task-64] r.c.m.x.r.TaskExamMapper.page_COUNT      : ==> Parameters: 
2022-04-11 20:55:47.151 DEBUG 16644 --- [XNIO-1 task-64] r.c.m.x.r.TaskExamMapper.page_COUNT      : <==      Total: 1
2022-04-11 20:55:48.349 DEBUG 16644 --- [XNIO-1 task-65] r.c.m.x.r.SubjectMapper.allSubject       : ==>  Preparing: select id, name, level, level_name, item_order, deleted from t_subject 
2022-04-11 20:55:48.350 DEBUG 16644 --- [XNIO-1 task-65] r.c.m.x.r.SubjectMapper.allSubject       : ==> Parameters: 
2022-04-11 20:55:48.351 DEBUG 16644 --- [XNIO-1 task-65] r.c.m.x.r.SubjectMapper.allSubject       : <==      Total: 2
2022-04-11 20:56:39.011 DEBUG 16644 --- [XNIO-1 task-66] r.c.m.x.r.SubjectMapper.allSubject       : ==>  Preparing: select id, name, level, level_name, item_order, deleted from t_subject 
2022-04-11 20:56:39.011 DEBUG 16644 --- [XNIO-1 task-66] r.c.m.x.r.SubjectMapper.allSubject       : ==> Parameters: 
2022-04-11 20:56:39.012 DEBUG 16644 --- [XNIO-1 task-66] r.c.m.x.r.SubjectMapper.allSubject       : <==      Total: 2
2022-04-11 20:56:39.014 DEBUG 16644 --- [XNIO-1 task-67] r.c.m.x.r.E.adminPage_COUNT              : ==>  Preparing: SELECT count(0) FROM t_exam_paper_answer 
2022-04-11 20:56:39.014 DEBUG 16644 --- [XNIO-1 task-67] r.c.m.x.r.E.adminPage_COUNT              : ==> Parameters: 
2022-04-11 20:56:39.018 DEBUG 16644 --- [XNIO-1 task-67] r.c.m.x.r.E.adminPage_COUNT              : <==      Total: 1
2022-04-11 20:56:39.019 DEBUG 16644 --- [XNIO-1 task-67] r.c.m.x.r.E.adminPage                    : ==>  Preparing: SELECT id, exam_paper_id, paper_name, paper_type, subject_id, system_score, user_score, paper_score, question_correct, question_count, do_time, status, create_user, create_time, task_exam_id FROM t_exam_paper_answer order by id desc LIMIT ? 
2022-04-11 20:56:39.019 DEBUG 16644 --- [XNIO-1 task-67] r.c.m.x.r.E.adminPage                    : ==> Parameters: 10(Integer)
2022-04-11 20:56:39.021 DEBUG 16644 --- [XNIO-1 task-67] r.c.m.x.r.E.adminPage                    : <==      Total: 3
2022-04-11 20:56:39.036 DEBUG 16644 --- [XNIO-1 task-67] r.c.m.x.r.S.selectByPrimaryKey           : ==>  Preparing: select id, name, level, level_name, item_order, deleted from t_subject where id = ? 
2022-04-11 20:56:39.036 DEBUG 16644 --- [XNIO-1 task-67] r.c.m.x.r.S.selectByPrimaryKey           : ==> Parameters: 1(Integer)
2022-04-11 20:56:39.037 DEBUG 16644 --- [XNIO-1 task-67] r.c.m.x.r.S.selectByPrimaryKey           : <==      Total: 1
2022-04-11 20:56:39.038 DEBUG 16644 --- [XNIO-1 task-67] r.c.m.x.r.UserMapper.selectByPrimaryKey  : ==>  Preparing: select id, user_uuid, user_name, password, real_name, age, sex, birth_day, user_level, phone, role, status, image_path, create_time, modify_time, last_active_time, deleted, wx_open_id from t_user where id = ? 
2022-04-11 20:56:39.038 DEBUG 16644 --- [XNIO-1 task-67] r.c.m.x.r.UserMapper.selectByPrimaryKey  : ==> Parameters: 1(Integer)
2022-04-11 20:56:39.040 DEBUG 16644 --- [XNIO-1 task-67] r.c.m.x.r.UserMapper.selectByPrimaryKey  : <==      Total: 1
2022-04-11 20:56:39.041 DEBUG 16644 --- [XNIO-1 task-67] r.c.m.x.r.UserMapper.selectByPrimaryKey  : ==>  Preparing: select id, user_uuid, user_name, password, real_name, age, sex, birth_day, user_level, phone, role, status, image_path, create_time, modify_time, last_active_time, deleted, wx_open_id from t_user where id = ? 
2022-04-11 20:56:39.041 DEBUG 16644 --- [XNIO-1 task-67] r.c.m.x.r.UserMapper.selectByPrimaryKey  : ==> Parameters: 1(Integer)
2022-04-11 20:56:39.043 DEBUG 16644 --- [XNIO-1 task-67] r.c.m.x.r.UserMapper.selectByPrimaryKey  : <==      Total: 1
2022-04-11 20:56:39.044 DEBUG 16644 --- [XNIO-1 task-67] r.c.m.x.r.UserMapper.selectByPrimaryKey  : ==>  Preparing: select id, user_uuid, user_name, password, real_name, age, sex, birth_day, user_level, phone, role, status, image_path, create_time, modify_time, last_active_time, deleted, wx_open_id from t_user where id = ? 
2022-04-11 20:56:39.044 DEBUG 16644 --- [XNIO-1 task-67] r.c.m.x.r.UserMapper.selectByPrimaryKey  : ==> Parameters: 1(Integer)
2022-04-11 20:56:39.045 DEBUG 16644 --- [XNIO-1 task-67] r.c.m.x.r.UserMapper.selectByPrimaryKey  : <==      Total: 1
2022-04-11 20:56:47.799 DEBUG 16644 --- [XNIO-1 task-68] r.c.m.x.r.SubjectMapper.page_COUNT       : ==>  Preparing: SELECT count(0) FROM t_subject WHERE deleted = 0 
2022-04-11 20:56:47.799 DEBUG 16644 --- [XNIO-1 task-68] r.c.m.x.r.SubjectMapper.page_COUNT       : ==> Parameters: 
2022-04-11 20:56:47.799 DEBUG 16644 --- [XNIO-1 task-68] r.c.m.x.r.SubjectMapper.page_COUNT       : <==      Total: 1
2022-04-11 20:56:47.800 DEBUG 16644 --- [XNIO-1 task-68] r.c.m.xzs.repository.SubjectMapper.page  : ==>  Preparing: SELECT id, name, level, level_name, item_order, deleted FROM t_subject WHERE deleted = 0 order by id desc LIMIT ? 
2022-04-11 20:56:47.800 DEBUG 16644 --- [XNIO-1 task-68] r.c.m.xzs.repository.SubjectMapper.page  : ==> Parameters: 10(Integer)
2022-04-11 20:56:47.801 DEBUG 16644 --- [XNIO-1 task-68] r.c.m.xzs.repository.SubjectMapper.page  : <==      Total: 2
2022-04-11 20:56:49.552 DEBUG 16644 --- [XNIO-1 task-69] r.c.m.x.r.SubjectMapper.allSubject       : ==>  Preparing: select id, name, level, level_name, item_order, deleted from t_subject 
2022-04-11 20:56:49.552 DEBUG 16644 --- [XNIO-1 task-69] r.c.m.x.r.SubjectMapper.allSubject       : ==> Parameters: 
2022-04-11 20:56:49.553 DEBUG 16644 --- [XNIO-1 task-69] r.c.m.x.r.SubjectMapper.allSubject       : <==      Total: 2
2022-04-11 20:56:49.856 DEBUG 16644 --- [XNIO-1 task-70] r.c.m.x.r.E.adminPage_COUNT              : ==>  Preparing: SELECT count(0) FROM t_exam_paper_answer 
2022-04-11 20:56:49.856 DEBUG 16644 --- [XNIO-1 task-70] r.c.m.x.r.E.adminPage_COUNT              : ==> Parameters: 
2022-04-11 20:56:49.858 DEBUG 16644 --- [XNIO-1 task-70] r.c.m.x.r.E.adminPage_COUNT              : <==      Total: 1
2022-04-11 20:56:49.858 DEBUG 16644 --- [XNIO-1 task-70] r.c.m.x.r.E.adminPage                    : ==>  Preparing: SELECT id, exam_paper_id, paper_name, paper_type, subject_id, system_score, user_score, paper_score, question_correct, question_count, do_time, status, create_user, create_time, task_exam_id FROM t_exam_paper_answer order by id desc LIMIT ? 
2022-04-11 20:56:49.858 DEBUG 16644 --- [XNIO-1 task-70] r.c.m.x.r.E.adminPage                    : ==> Parameters: 10(Integer)
2022-04-11 20:56:49.859 DEBUG 16644 --- [XNIO-1 task-70] r.c.m.x.r.E.adminPage                    : <==      Total: 3
2022-04-11 20:56:49.860 DEBUG 16644 --- [XNIO-1 task-70] r.c.m.x.r.UserMapper.selectByPrimaryKey  : ==>  Preparing: select id, user_uuid, user_name, password, real_name, age, sex, birth_day, user_level, phone, role, status, image_path, create_time, modify_time, last_active_time, deleted, wx_open_id from t_user where id = ? 
2022-04-11 20:56:49.860 DEBUG 16644 --- [XNIO-1 task-70] r.c.m.x.r.UserMapper.selectByPrimaryKey  : ==> Parameters: 1(Integer)
2022-04-11 20:56:49.861 DEBUG 16644 --- [XNIO-1 task-70] r.c.m.x.r.UserMapper.selectByPrimaryKey  : <==      Total: 1
2022-04-11 20:56:49.861 DEBUG 16644 --- [XNIO-1 task-70] r.c.m.x.r.UserMapper.selectByPrimaryKey  : ==>  Preparing: select id, user_uuid, user_name, password, real_name, age, sex, birth_day, user_level, phone, role, status, image_path, create_time, modify_time, last_active_time, deleted, wx_open_id from t_user where id = ? 
2022-04-11 20:56:49.862 DEBUG 16644 --- [XNIO-1 task-70] r.c.m.x.r.UserMapper.selectByPrimaryKey  : ==> Parameters: 1(Integer)
2022-04-11 20:56:49.862 DEBUG 16644 --- [XNIO-1 task-70] r.c.m.x.r.UserMapper.selectByPrimaryKey  : <==      Total: 1
2022-04-11 20:56:49.863 DEBUG 16644 --- [XNIO-1 task-70] r.c.m.x.r.UserMapper.selectByPrimaryKey  : ==>  Preparing: select id, user_uuid, user_name, password, real_name, age, sex, birth_day, user_level, phone, role, status, image_path, create_time, modify_time, last_active_time, deleted, wx_open_id from t_user where id = ? 
2022-04-11 20:56:49.863 DEBUG 16644 --- [XNIO-1 task-70] r.c.m.x.r.UserMapper.selectByPrimaryKey  : ==> Parameters: 1(Integer)
2022-04-11 20:56:49.865 DEBUG 16644 --- [XNIO-1 task-70] r.c.m.x.r.UserMapper.selectByPrimaryKey  : <==      Total: 1
2022-04-11 20:58:36.031 DEBUG 16644 --- [XNIO-1 task-71] r.c.m.x.r.UserMapper.getUserByUserName   : ==>  Preparing: select id, user_uuid, user_name, password, real_name, age, sex, birth_day, user_level, phone, role, status, image_path, create_time, modify_time, last_active_time, deleted, wx_open_id from t_user where deleted=0 and user_name=? limit 1 
2022-04-11 20:58:36.031 DEBUG 16644 --- [XNIO-1 task-71] r.c.m.x.r.UserMapper.getUserByUserName   : ==> Parameters: student(String)
2022-04-11 20:58:36.035 DEBUG 16644 --- [XNIO-1 task-71] r.c.m.x.r.UserMapper.getUserByUserName   : <==      Total: 1
2022-04-11 20:58:36.040 DEBUG 16644 --- [XNIO-1 task-71] r.c.m.x.r.U.insertSelective              : ==>  Preparing: insert into t_user_event_log ( user_id, user_name, real_name, content, create_time ) values ( ?, ?, ?, ?, ? ) 
2022-04-11 20:58:36.041 DEBUG 16644 --- [XNIO-1 task-71] r.c.m.x.r.U.insertSelective              : ==> Parameters: 1(Integer), student(String), 学生(String), student 登录了学之思开源考试系统(String), 2022-04-11 20:58:36.04(Timestamp)
2022-04-11 20:58:36.058 DEBUG 16644 --- [XNIO-1 task-71] r.c.m.x.r.U.insertSelective              : <==    Updates: 1
2022-04-11 20:58:36.284 DEBUG 16644 --- [XNIO-1 task-72] r.c.m.x.r.MessageUserMapper.unReadCount  : ==>  Preparing: select count(*) from t_message_user where readed='f' and receive_user_id = ? 
2022-04-11 20:58:36.284 DEBUG 16644 --- [XNIO-1 task-72] r.c.m.x.r.MessageUserMapper.unReadCount  : ==> Parameters: 1(Integer)
2022-04-11 20:58:36.313 DEBUG 16644 --- [XNIO-1 task-72] r.c.m.x.r.MessageUserMapper.unReadCount  : <==      Total: 1
2022-04-11 20:58:36.417 DEBUG 16644 --- [XNIO-1 task-75] r.c.m.x.r.T.getByGradeLevel              : ==>  Preparing: select id, title, grade_level, frame_text_content_id, create_user, create_time, deleted, create_user_name from t_task_exam where deleted=0 and grade_level = ? 
2022-04-11 20:58:36.417 DEBUG 16644 --- [XNIO-1 task-75] r.c.m.x.r.T.getByGradeLevel              : ==> Parameters: 1(Integer)
2022-04-11 20:58:36.419 DEBUG 16644 --- [XNIO-1 task-75] r.c.m.x.r.T.getByGradeLevel              : <==      Total: 0
2022-04-11 20:58:36.422 DEBUG 16644 --- [XNIO-1 task-74] r.c.m.x.r.ExamPaperMapper.indexPaper     : ==>  Preparing: SELECT id,name,limit_start_time,limit_end_time FROM t_exam_paper WHERE deleted=0 and paper_type= ? and grade_level=? ORDER BY id desc limit 5 
2022-04-11 20:58:36.422 DEBUG 16644 --- [XNIO-1 task-74] r.c.m.x.r.ExamPaperMapper.indexPaper     : ==> Parameters: 1(Integer), 1(Integer)
2022-04-11 20:58:36.424 DEBUG 16644 --- [XNIO-1 task-74] r.c.m.x.r.ExamPaperMapper.indexPaper     : <==      Total: 1
2022-04-11 20:58:36.425 DEBUG 16644 --- [XNIO-1 task-74] r.c.m.x.r.ExamPaperMapper.indexPaper     : ==>  Preparing: SELECT id,name,limit_start_time,limit_end_time FROM t_exam_paper WHERE deleted=0 and paper_type= ? and grade_level=? and ? between limit_start_time and limit_end_time ORDER BY id desc limit 5 
2022-04-11 20:58:36.426 DEBUG 16644 --- [XNIO-1 task-74] r.c.m.x.r.ExamPaperMapper.indexPaper     : ==> Parameters: 4(Integer), 1(Integer), 2022-04-11 20:58:36.424(Timestamp)
2022-04-11 20:58:36.427 DEBUG 16644 --- [XNIO-1 task-74] r.c.m.x.r.ExamPaperMapper.indexPaper     : <==      Total: 0
2022-04-11 21:05:27.095 DEBUG 16644 --- [XNIO-1 task-76] r.c.m.x.r.S.getSubjectByLevel            : ==>  Preparing: select id, name, level, level_name, item_order, deleted from t_subject where level= ? order by item_order 
2022-04-11 21:05:27.095 DEBUG 16644 --- [XNIO-1 task-76] r.c.m.x.r.S.getSubjectByLevel            : ==> Parameters: 1(Integer)
2022-04-11 21:05:27.097 DEBUG 16644 --- [XNIO-1 task-76] r.c.m.x.r.S.getSubjectByLevel            : <==      Total: 2
2022-04-11 21:05:27.152 DEBUG 16644 --- [XNIO-1 task-77] r.c.m.x.r.E.studentPage_COUNT            : ==>  Preparing: SELECT count(0) FROM t_exam_paper WHERE deleted = 0 AND subject_id = ? AND paper_type = ? 
2022-04-11 21:05:27.152 DEBUG 16644 --- [XNIO-1 task-77] r.c.m.x.r.E.studentPage_COUNT            : ==> Parameters: 1(Integer), 1(Integer)
2022-04-11 21:05:27.153 DEBUG 16644 --- [XNIO-1 task-77] r.c.m.x.r.E.studentPage_COUNT            : <==      Total: 1
2022-04-11 21:05:27.154 DEBUG 16644 --- [XNIO-1 task-77] r.c.m.x.r.ExamPaperMapper.studentPage    : ==>  Preparing: SELECT id, name, subject_id, paper_type, grade_level, score, question_count, suggest_time, limit_start_time, limit_end_time, frame_text_content_id, create_user, create_time, deleted, task_exam_id FROM t_exam_paper WHERE deleted = 0 AND subject_id = ? AND paper_type = ? order by id desc LIMIT ? 
2022-04-11 21:05:27.154 DEBUG 16644 --- [XNIO-1 task-77] r.c.m.x.r.ExamPaperMapper.studentPage    : ==> Parameters: 1(Integer), 1(Integer), 10(Integer)
2022-04-11 21:05:27.154 DEBUG 16644 --- [XNIO-1 task-77] r.c.m.x.r.ExamPaperMapper.studentPage    : <==      Total: 1
2022-04-11 21:06:51.189 DEBUG 16644 --- [XNIO-1 task-78] r.c.m.x.r.E.studentPage_COUNT            : ==>  Preparing: SELECT count(0) FROM t_exam_paper_answer WHERE create_user = ? 
2022-04-11 21:06:51.190 DEBUG 16644 --- [XNIO-1 task-78] r.c.m.x.r.E.studentPage_COUNT            : ==> Parameters: 1(Integer)
2022-04-11 21:06:51.191 DEBUG 16644 --- [XNIO-1 task-78] r.c.m.x.r.E.studentPage_COUNT            : <==      Total: 1
2022-04-11 21:06:51.192 DEBUG 16644 --- [XNIO-1 task-78] r.c.m.x.r.E.studentPage                  : ==>  Preparing: SELECT id, exam_paper_id, paper_name, paper_type, subject_id, system_score, user_score, paper_score, question_correct, question_count, do_time, status, create_user, create_time, task_exam_id FROM t_exam_paper_answer WHERE create_user = ? order by id desc LIMIT ? 
2022-04-11 21:06:51.192 DEBUG 16644 --- [XNIO-1 task-78] r.c.m.x.r.E.studentPage                  : ==> Parameters: 1(Integer), 10(Integer)
2022-04-11 21:06:51.194 DEBUG 16644 --- [XNIO-1 task-78] r.c.m.x.r.E.studentPage                  : <==      Total: 3
2022-04-11 21:08:08.252 DEBUG 16644 --- [XNIO-1 task-80] r.c.m.x.r.U.insertSelective              : ==>  Preparing: insert into t_user_event_log ( user_id, user_name, real_name, content, create_time ) values ( ?, ?, ?, ?, ? ) 
2022-04-11 21:08:08.252 DEBUG 16644 --- [XNIO-1 task-80] r.c.m.x.r.U.insertSelective              : ==> Parameters: 2(Integer), admin(String), 管理员(String), admin 登录了学之思开源考试系统(String), 2022-04-11 21:08:08.251(Timestamp)
2022-04-11 21:08:08.267 DEBUG 16644 --- [XNIO-1 task-80] r.c.m.x.r.U.insertSelective              : <==    Updates: 1
2022-04-11 21:08:08.646 DEBUG 16644 --- [XNIO-1 task-81] r.c.m.x.r.E.selectAllCount               : ==>  Preparing: SELECT count(*) from t_exam_paper where deleted=0 
2022-04-11 21:08:08.647 DEBUG 16644 --- [XNIO-1 task-81] r.c.m.x.r.E.selectAllCount               : ==> Parameters: 
2022-04-11 21:08:08.647 DEBUG 16644 --- [XNIO-1 task-81] r.c.m.x.r.E.selectAllCount               : <==      Total: 1
2022-04-11 21:08:08.648 DEBUG 16644 --- [XNIO-1 task-81] r.c.m.x.r.QuestionMapper.selectAllCount  : ==>  Preparing: SELECT count(*) from t_question where deleted=0 
2022-04-11 21:08:08.648 DEBUG 16644 --- [XNIO-1 task-81] r.c.m.x.r.QuestionMapper.selectAllCount  : ==> Parameters: 
2022-04-11 21:08:08.648 DEBUG 16644 --- [XNIO-1 task-81] r.c.m.x.r.QuestionMapper.selectAllCount  : <==      Total: 1
2022-04-11 21:08:08.649 DEBUG 16644 --- [XNIO-1 task-81] r.c.m.x.r.E.selectAllCount               : ==>  Preparing: SELECT count(*) from t_exam_paper_answer 
2022-04-11 21:08:08.649 DEBUG 16644 --- [XNIO-1 task-81] r.c.m.x.r.E.selectAllCount               : ==> Parameters: 
2022-04-11 21:08:08.650 DEBUG 16644 --- [XNIO-1 task-81] r.c.m.x.r.E.selectAllCount               : <==      Total: 1
2022-04-11 21:08:08.651 DEBUG 16644 --- [XNIO-1 task-81] r.c.m.x.r.E.selectAllCount               : ==>  Preparing: SELECT count(*) from t_exam_paper_question_customer_answer 
2022-04-11 21:08:08.651 DEBUG 16644 --- [XNIO-1 task-81] r.c.m.x.r.E.selectAllCount               : ==> Parameters: 
2022-04-11 21:08:08.655 DEBUG 16644 --- [XNIO-1 task-81] r.c.m.x.r.E.selectAllCount               : <==      Total: 1
2022-04-11 21:08:08.655 DEBUG 16644 --- [XNIO-1 task-81] r.c.m.x.r.U.selectCountByDate            : ==>  Preparing: SELECT create_time as name,COUNT(create_time) as value from ( SELECT DATE_FORMAT(create_time,'%Y-%m-%d') as create_time from t_user_event_log WHERE create_time between ? and ? ) a GROUP BY create_time 
2022-04-11 21:08:08.655 DEBUG 16644 --- [XNIO-1 task-81] r.c.m.x.r.U.selectCountByDate            : ==> Parameters: 2022-04-01 00:00:00.0(Timestamp), 2022-04-30 23:59:59.0(Timestamp)
2022-04-11 21:08:08.658 DEBUG 16644 --- [XNIO-1 task-81] r.c.m.x.r.U.selectCountByDate            : <==      Total: 2
2022-04-11 21:08:08.660 DEBUG 16644 --- [XNIO-1 task-81] r.c.m.x.r.E.selectCountByDate            : ==>  Preparing: SELECT create_time as name,COUNT(create_time) as value from ( SELECT DATE_FORMAT(create_time,'%Y-%m-%d') as create_time from t_exam_paper_question_customer_answer WHERE create_time between ? and ? ) a GROUP BY create_time 
2022-04-11 21:08:08.661 DEBUG 16644 --- [XNIO-1 task-81] r.c.m.x.r.E.selectCountByDate            : ==> Parameters: 2022-04-01 00:00:00.0(Timestamp), 2022-04-30 23:59:59.0(Timestamp)
2022-04-11 21:08:08.662 DEBUG 16644 --- [XNIO-1 task-81] r.c.m.x.r.E.selectCountByDate            : <==      Total: 1
2022-04-11 21:09:12.430 DEBUG 16644 --- [XNIO-1 task-83] r.c.m.x.r.U.insertSelective              : ==>  Preparing: insert into t_user_event_log ( user_id, user_name, real_name, content, create_time ) values ( ?, ?, ?, ?, ? ) 
2022-04-11 21:09:12.431 DEBUG 16644 --- [XNIO-1 task-83] r.c.m.x.r.U.insertSelective              : ==> Parameters: 1(Integer), student(String), 学生(String), student 登录了学之思开源考试系统(String), 2022-04-11 21:09:12.428(Timestamp)
2022-04-11 21:09:12.447 DEBUG 16644 --- [XNIO-1 task-83] r.c.m.x.r.U.insertSelective              : <==    Updates: 1
2022-04-11 21:09:12.801 DEBUG 16644 --- [XNIO-1 task-84] r.c.m.x.r.MessageUserMapper.unReadCount  : ==>  Preparing: select count(*) from t_message_user where readed='f' and receive_user_id = ? 
2022-04-11 21:09:12.802 DEBUG 16644 --- [XNIO-1 task-84] r.c.m.x.r.MessageUserMapper.unReadCount  : ==> Parameters: 1(Integer)
2022-04-11 21:09:12.802 DEBUG 16644 --- [XNIO-1 task-87] r.c.m.x.r.T.getByGradeLevel              : ==>  Preparing: select id, title, grade_level, frame_text_content_id, create_user, create_time, deleted, create_user_name from t_task_exam where deleted=0 and grade_level = ? 
2022-04-11 21:09:12.802 DEBUG 16644 --- [XNIO-1 task-87] r.c.m.x.r.T.getByGradeLevel              : ==> Parameters: 1(Integer)
2022-04-11 21:09:12.802 DEBUG 16644 --- [XNIO-1 task-86] r.c.m.x.r.ExamPaperMapper.indexPaper     : ==>  Preparing: SELECT id,name,limit_start_time,limit_end_time FROM t_exam_paper WHERE deleted=0 and paper_type= ? and grade_level=? ORDER BY id desc limit 5 
2022-04-11 21:09:12.802 DEBUG 16644 --- [XNIO-1 task-86] r.c.m.x.r.ExamPaperMapper.indexPaper     : ==> Parameters: 1(Integer), 1(Integer)
2022-04-11 21:09:12.802 DEBUG 16644 --- [XNIO-1 task-84] r.c.m.x.r.MessageUserMapper.unReadCount  : <==      Total: 1
2022-04-11 21:09:12.805 DEBUG 16644 --- [XNIO-1 task-87] r.c.m.x.r.T.getByGradeLevel              : <==      Total: 0
2022-04-11 21:09:12.814 DEBUG 16644 --- [XNIO-1 task-86] r.c.m.x.r.ExamPaperMapper.indexPaper     : <==      Total: 1
2022-04-11 21:09:12.815 DEBUG 16644 --- [XNIO-1 task-86] r.c.m.x.r.ExamPaperMapper.indexPaper     : ==>  Preparing: SELECT id,name,limit_start_time,limit_end_time FROM t_exam_paper WHERE deleted=0 and paper_type= ? and grade_level=? and ? between limit_start_time and limit_end_time ORDER BY id desc limit 5 
2022-04-11 21:09:12.816 DEBUG 16644 --- [XNIO-1 task-86] r.c.m.x.r.ExamPaperMapper.indexPaper     : ==> Parameters: 4(Integer), 1(Integer), 2022-04-11 21:09:12.815(Timestamp)
2022-04-11 21:09:12.817 DEBUG 16644 --- [XNIO-1 task-86] r.c.m.x.r.ExamPaperMapper.indexPaper     : <==      Total: 0
2022-04-11 21:09:14.566 DEBUG 16644 --- [XNIO-1 task-88] r.c.m.x.r.E.studentPage_COUNT            : ==>  Preparing: SELECT count(0) FROM t_exam_paper_question_customer_answer WHERE do_right = FALSE AND create_user = ? 
2022-04-11 21:09:14.566 DEBUG 16644 --- [XNIO-1 task-88] r.c.m.x.r.E.studentPage_COUNT            : ==> Parameters: 1(Integer)
2022-04-11 21:09:14.566 DEBUG 16644 --- [XNIO-1 task-88] r.c.m.x.r.E.studentPage_COUNT            : <==      Total: 1
2022-04-11 21:09:14.567 DEBUG 16644 --- [XNIO-1 task-88] r.c.m.x.r.E.studentPage                  : ==>  Preparing: SELECT id, question_id, exam_paper_id, exam_paper_answer_id, question_type, subject_id, customer_score, question_score, question_text_content_id, answer, text_content_id, do_right, create_user, create_time, item_order FROM t_exam_paper_question_customer_answer WHERE do_right = FALSE AND create_user = ? order by id desc LIMIT ? 
2022-04-11 21:09:14.567 DEBUG 16644 --- [XNIO-1 task-88] r.c.m.x.r.E.studentPage                  : ==> Parameters: 1(Integer), 10(Integer)
2022-04-11 21:09:14.570 DEBUG 16644 --- [XNIO-1 task-88] r.c.m.x.r.E.studentPage                  : <==      Total: 1
2022-04-11 21:09:14.593 DEBUG 16644 --- [XNIO-1 task-89] r.c.m.x.r.E.selectByPrimaryKey           : ==>  Preparing: select id, question_id, exam_paper_id, exam_paper_answer_id, question_type, subject_id, customer_score, question_score, question_text_content_id, answer, text_content_id, do_right, create_user, create_time, item_order from t_exam_paper_question_customer_answer where id = ? 
2022-04-11 21:09:14.593 DEBUG 16644 --- [XNIO-1 task-89] r.c.m.x.r.E.selectByPrimaryKey           : ==> Parameters: 1(Integer)
2022-04-11 21:09:14.594 DEBUG 16644 --- [XNIO-1 task-89] r.c.m.x.r.E.selectByPrimaryKey           : <==      Total: 1
2022-04-11 21:09:14.595 DEBUG 16644 --- [XNIO-1 task-89] r.c.m.x.r.Q.selectByPrimaryKey           : ==>  Preparing: select id, question_type, subject_id, score, grade_level, difficult, correct, info_text_content_id, create_user, status, create_time, deleted from t_question where id = ? 
2022-04-11 21:09:14.595 DEBUG 16644 --- [XNIO-1 task-89] r.c.m.x.r.Q.selectByPrimaryKey           : ==> Parameters: 1(Integer)
2022-04-11 21:09:14.596 DEBUG 16644 --- [XNIO-1 task-89] r.c.m.x.r.Q.selectByPrimaryKey           : <==      Total: 1
2022-04-11 21:12:15.926 DEBUG 16644 --- [XNIO-1 task-90] r.c.m.x.r.ExamPaperMapper.indexPaper     : ==>  Preparing: SELECT id,name,limit_start_time,limit_end_time FROM t_exam_paper WHERE deleted=0 and paper_type= ? and grade_level=? ORDER BY id desc limit 5 
2022-04-11 21:12:15.927 DEBUG 16644 --- [XNIO-1 task-90] r.c.m.x.r.ExamPaperMapper.indexPaper     : ==> Parameters: 1(Integer), 1(Integer)
2022-04-11 21:12:15.927 DEBUG 16644 --- [XNIO-1 task-90] r.c.m.x.r.ExamPaperMapper.indexPaper     : <==      Total: 1
2022-04-11 21:12:15.928 DEBUG 16644 --- [XNIO-1 task-90] r.c.m.x.r.ExamPaperMapper.indexPaper     : ==>  Preparing: SELECT id,name,limit_start_time,limit_end_time FROM t_exam_paper WHERE deleted=0 and paper_type= ? and grade_level=? and ? between limit_start_time and limit_end_time ORDER BY id desc limit 5 
2022-04-11 21:12:15.928 DEBUG 16644 --- [XNIO-1 task-91] r.c.m.x.r.T.getByGradeLevel              : ==>  Preparing: select id, title, grade_level, frame_text_content_id, create_user, create_time, deleted, create_user_name from t_task_exam where deleted=0 and grade_level = ? 
2022-04-11 21:12:15.928 DEBUG 16644 --- [XNIO-1 task-90] r.c.m.x.r.ExamPaperMapper.indexPaper     : ==> Parameters: 4(Integer), 1(Integer), 2022-04-11 21:12:15.928(Timestamp)
2022-04-11 21:12:15.929 DEBUG 16644 --- [XNIO-1 task-91] r.c.m.x.r.T.getByGradeLevel              : ==> Parameters: 1(Integer)
2022-04-11 21:12:15.929 DEBUG 16644 --- [XNIO-1 task-91] r.c.m.x.r.T.getByGradeLevel              : <==      Total: 0
2022-04-11 21:12:15.929 DEBUG 16644 --- [XNIO-1 task-90] r.c.m.x.r.ExamPaperMapper.indexPaper     : <==      Total: 0
2022-04-11 21:12:17.710 DEBUG 16644 --- [XNIO-1 task-92] r.c.m.x.r.E.selectByPrimaryKey           : ==>  Preparing: select id, name, subject_id, paper_type, grade_level, score, question_count, suggest_time, limit_start_time, limit_end_time, frame_text_content_id, create_user, create_time, deleted, task_exam_id from t_exam_paper where id = ? 
2022-04-11 21:12:17.710 DEBUG 16644 --- [XNIO-1 task-92] r.c.m.x.r.E.selectByPrimaryKey           : ==> Parameters: 1(Integer)
2022-04-11 21:12:17.711 DEBUG 16644 --- [XNIO-1 task-92] r.c.m.x.r.E.selectByPrimaryKey           : <==      Total: 1
2022-04-11 21:12:17.724 DEBUG 16644 --- [XNIO-1 task-92] r.c.m.x.r.T.selectByPrimaryKey           : ==>  Preparing: select id, content, create_time from t_text_content where id = ? 
2022-04-11 21:12:17.724 DEBUG 16644 --- [XNIO-1 task-92] r.c.m.x.r.T.selectByPrimaryKey           : ==> Parameters: 2(Integer)
2022-04-11 21:12:17.726 DEBUG 16644 --- [XNIO-1 task-92] r.c.m.x.r.T.selectByPrimaryKey           : <==      Total: 1
2022-04-11 21:12:17.734 DEBUG 16644 --- [XNIO-1 task-92] r.c.m.x.r.QuestionMapper.selectByIds     : ==>  Preparing: SELECT id, question_type, subject_id, score, grade_level, difficult, correct, info_text_content_id, create_user, status, create_time, deleted FROM t_question where id in ( ? ) 
2022-04-11 21:12:17.734 DEBUG 16644 --- [XNIO-1 task-92] r.c.m.x.r.QuestionMapper.selectByIds     : ==> Parameters: 1(Integer)
2022-04-11 21:12:17.737 DEBUG 16644 --- [XNIO-1 task-92] r.c.m.x.r.QuestionMapper.selectByIds     : <==      Total: 1
2022-04-11 22:16:53.998  WARN 16644 --- [HikariPool-1 housekeeper] com.zaxxer.hikari.pool.HikariPool        : HikariPool-1 - Thread starvation or clock leap detected (housekeeper delta=1h2m48s33ms830µs800ns).
